Performing C++ SOURCE FILE Test COMPILER_SUPPORT_Wshorten64to32 failed with the following output:
Change Dir: /home/roryconlin/GoogleDrive/SCHOOL/Princeton/PPPL/eigen/build/CMakeFiles/CMakeTmp

Run Build Command:"/usr/bin/make" "cmTC_9a5c6/fast"
/usr/bin/make -f CMakeFiles/cmTC_9a5c6.dir/build.make CMakeFiles/cmTC_9a5c6.dir/build
make[1]: Entering directory '/home/roryconlin/GoogleDrive/SCHOOL/Princeton/PPPL/eigen/build/CMakeFiles/CMakeTmp'
Building CXX object CMakeFiles/cmTC_9a5c6.dir/src.cxx.o
/usr/bin/c++    -std=c++03 -pedantic -Wall -Wextra -Wundef -Wcast-align -Wchar-subscripts -Wnon-virtual-dtor -Wunused-local-typedefs -Wpointer-arith -Wwrite-strings -Wformat-security -DCOMPILER_SUPPORT_Wshorten64to32 -Werror   -Wshorten-64-to-32 -o CMakeFiles/cmTC_9a5c6.dir/src.cxx.o -c /home/roryconlin/GoogleDrive/SCHOOL/Princeton/PPPL/eigen/build/CMakeFiles/CMakeTmp/src.cxx
c++: error: unrecognized command line option '-Wshorten-64-to-32'
CMakeFiles/cmTC_9a5c6.dir/build.make:65: recipe for target 'CMakeFiles/cmTC_9a5c6.dir/src.cxx.o' failed
make[1]: *** [CMakeFiles/cmTC_9a5c6.dir/src.cxx.o] Error 1
make[1]: Leaving directory '/home/roryconlin/GoogleDrive/SCHOOL/Princeton/PPPL/eigen/build/CMakeFiles/CMakeTmp'
Makefile:126: recipe for target 'cmTC_9a5c6/fast' failed
make: *** [cmTC_9a5c6/fast] Error 2

Source file was:
int main() { return 0; }
Performing C++ SOURCE FILE Test COMPILER_SUPPORT_Wenumconversion failed with the following output:
Change Dir: /home/roryconlin/GoogleDrive/SCHOOL/Princeton/PPPL/eigen/build/CMakeFiles/CMakeTmp

Run Build Command:"/usr/bin/make" "cmTC_ce0ea/fast"
/usr/bin/make -f CMakeFiles/cmTC_ce0ea.dir/build.make CMakeFiles/cmTC_ce0ea.dir/build
make[1]: Entering directory '/home/roryconlin/GoogleDrive/SCHOOL/Princeton/PPPL/eigen/build/CMakeFiles/CMakeTmp'
Building CXX object CMakeFiles/cmTC_ce0ea.dir/src.cxx.o
/usr/bin/c++    -std=c++03 -pedantic -Wall -Wextra -Wundef -Wcast-align -Wchar-subscripts -Wnon-virtual-dtor -Wunused-local-typedefs -Wpointer-arith -Wwrite-strings -Wformat-security -Wlogical-op -DCOMPILER_SUPPORT_Wenumconversion -Werror   -Wenum-conversion -o CMakeFiles/cmTC_ce0ea.dir/src.cxx.o -c /home/roryconlin/GoogleDrive/SCHOOL/Princeton/PPPL/eigen/build/CMakeFiles/CMakeTmp/src.cxx
c++: error: unrecognized command line option '-Wenum-conversion'; did you mean '-Wno-conversion'?
CMakeFiles/cmTC_ce0ea.dir/build.make:65: recipe for target 'CMakeFiles/cmTC_ce0ea.dir/src.cxx.o' failed
make[1]: *** [CMakeFiles/cmTC_ce0ea.dir/src.cxx.o] Error 1
make[1]: Leaving directory '/home/roryconlin/GoogleDrive/SCHOOL/Princeton/PPPL/eigen/build/CMakeFiles/CMakeTmp'
Makefile:126: recipe for target 'cmTC_ce0ea/fast' failed
make: *** [cmTC_ce0ea/fast] Error 2

Source file was:
int main() { return 0; }
Performing C++ SOURCE FILE Test COMPILER_SUPPORT_Wcpp11extensions failed with the following output:
Change Dir: /home/roryconlin/GoogleDrive/SCHOOL/Princeton/PPPL/eigen/build/CMakeFiles/CMakeTmp

Run Build Command:"/usr/bin/make" "cmTC_05d28/fast"
/usr/bin/make -f CMakeFiles/cmTC_05d28.dir/build.make CMakeFiles/cmTC_05d28.dir/build
make[1]: Entering directory '/home/roryconlin/GoogleDrive/SCHOOL/Princeton/PPPL/eigen/build/CMakeFiles/CMakeTmp'
Building CXX object CMakeFiles/cmTC_05d28.dir/src.cxx.o
/usr/bin/c++    -std=c++03 -pedantic -Wall -Wextra -Wundef -Wcast-align -Wchar-subscripts -Wnon-virtual-dtor -Wunused-local-typedefs -Wpointer-arith -Wwrite-strings -Wformat-security -Wlogical-op -DCOMPILER_SUPPORT_Wcpp11extensions -Werror   -Wc++11-extensions -o CMakeFiles/cmTC_05d28.dir/src.cxx.o -c /home/roryconlin/GoogleDrive/SCHOOL/Princeton/PPPL/eigen/build/CMakeFiles/CMakeTmp/src.cxx
c++: error: unrecognized command line option '-Wc++11-extensions'; did you mean '-fms-extensions'?
CMakeFiles/cmTC_05d28.dir/build.make:65: recipe for target 'CMakeFiles/cmTC_05d28.dir/src.cxx.o' failed
make[1]: *** [CMakeFiles/cmTC_05d28.dir/src.cxx.o] Error 1
make[1]: Leaving directory '/home/roryconlin/GoogleDrive/SCHOOL/Princeton/PPPL/eigen/build/CMakeFiles/CMakeTmp'
Makefile:126: recipe for target 'cmTC_05d28/fast' failed
make: *** [cmTC_05d28/fast] Error 2

Source file was:
int main() { return 0; }
Performing C++ SOURCE FILE Test COMPILER_SUPPORT_wd981 failed with the following output:
Change Dir: /home/roryconlin/GoogleDrive/SCHOOL/Princeton/PPPL/eigen/build/CMakeFiles/CMakeTmp

Run Build Command:"/usr/bin/make" "cmTC_4094e/fast"
/usr/bin/make -f CMakeFiles/cmTC_4094e.dir/build.make CMakeFiles/cmTC_4094e.dir/build
make[1]: Entering directory '/home/roryconlin/GoogleDrive/SCHOOL/Princeton/PPPL/eigen/build/CMakeFiles/CMakeTmp'
Building CXX object CMakeFiles/cmTC_4094e.dir/src.cxx.o
/usr/bin/c++    -std=c++03 -pedantic -Wall -Wextra -Wundef -Wcast-align -Wchar-subscripts -Wnon-virtual-dtor -Wunused-local-typedefs -Wpointer-arith -Wwrite-strings -Wformat-security -Wlogical-op -Wdouble-promotion -Wshadow -Wno-psabi -Wno-variadic-macros -Wno-long-long -fno-check-new -fno-common -fstrict-aliasing -DCOMPILER_SUPPORT_wd981 -Werror   -wd981 -o CMakeFiles/cmTC_4094e.dir/src.cxx.o -c /home/roryconlin/GoogleDrive/SCHOOL/Princeton/PPPL/eigen/build/CMakeFiles/CMakeTmp/src.cxx
c++: error: unrecognized command line option '-wd981'
CMakeFiles/cmTC_4094e.dir/build.make:65: recipe for target 'CMakeFiles/cmTC_4094e.dir/src.cxx.o' failed
make[1]: *** [CMakeFiles/cmTC_4094e.dir/src.cxx.o] Error 1
make[1]: Leaving directory '/home/roryconlin/GoogleDrive/SCHOOL/Princeton/PPPL/eigen/build/CMakeFiles/CMakeTmp'
Makefile:126: recipe for target 'cmTC_4094e/fast' failed
make: *** [cmTC_4094e/fast] Error 2

Source file was:
int main() { return 0; }
Performing C++ SOURCE FILE Test COMPILER_SUPPORT_wd2304 failed with the following output:
Change Dir: /home/roryconlin/GoogleDrive/SCHOOL/Princeton/PPPL/eigen/build/CMakeFiles/CMakeTmp

Run Build Command:"/usr/bin/make" "cmTC_13b17/fast"
/usr/bin/make -f CMakeFiles/cmTC_13b17.dir/build.make CMakeFiles/cmTC_13b17.dir/build
make[1]: Entering directory '/home/roryconlin/GoogleDrive/SCHOOL/Princeton/PPPL/eigen/build/CMakeFiles/CMakeTmp'
Building CXX object CMakeFiles/cmTC_13b17.dir/src.cxx.o
/usr/bin/c++    -std=c++03 -pedantic -Wall -Wextra -Wundef -Wcast-align -Wchar-subscripts -Wnon-virtual-dtor -Wunused-local-typedefs -Wpointer-arith -Wwrite-strings -Wformat-security -Wlogical-op -Wdouble-promotion -Wshadow -Wno-psabi -Wno-variadic-macros -Wno-long-long -fno-check-new -fno-common -fstrict-aliasing -DCOMPILER_SUPPORT_wd2304 -Werror   -wd2304 -o CMakeFiles/cmTC_13b17.dir/src.cxx.o -c /home/roryconlin/GoogleDrive/SCHOOL/Princeton/PPPL/eigen/build/CMakeFiles/CMakeTmp/src.cxx
c++: error: unrecognized command line option '-wd2304'
CMakeFiles/cmTC_13b17.dir/build.make:65: recipe for target 'CMakeFiles/cmTC_13b17.dir/src.cxx.o' failed
make[1]: *** [CMakeFiles/cmTC_13b17.dir/src.cxx.o] Error 1
make[1]: Leaving directory '/home/roryconlin/GoogleDrive/SCHOOL/Princeton/PPPL/eigen/build/CMakeFiles/CMakeTmp'
Makefile:126: recipe for target 'cmTC_13b17/fast' failed
make: *** [cmTC_13b17/fast] Error 2

Source file was:
int main() { return 0; }
Performing C++ SOURCE FILE Test COMPILER_SUPPORT_STRICTANSI failed with the following output:
Change Dir: /home/roryconlin/GoogleDrive/SCHOOL/Princeton/PPPL/eigen/build/CMakeFiles/CMakeTmp

Run Build Command:"/usr/bin/make" "cmTC_4055c/fast"
/usr/bin/make -f CMakeFiles/cmTC_4055c.dir/build.make CMakeFiles/cmTC_4055c.dir/build
make[1]: Entering directory '/home/roryconlin/GoogleDrive/SCHOOL/Princeton/PPPL/eigen/build/CMakeFiles/CMakeTmp'
Building CXX object CMakeFiles/cmTC_4055c.dir/src.cxx.o
/usr/bin/c++    -std=c++03 -pedantic -Wall -Wextra -Wundef -Wcast-align -Wchar-subscripts -Wnon-virtual-dtor -Wunused-local-typedefs -Wpointer-arith -Wwrite-strings -Wformat-security -Wlogical-op -Wdouble-promotion -Wshadow -Wno-psabi -Wno-variadic-macros -Wno-long-long -fno-check-new -fno-common -fstrict-aliasing -DCOMPILER_SUPPORT_STRICTANSI -Werror   -strict-ansi -o CMakeFiles/cmTC_4055c.dir/src.cxx.o -c /home/roryconlin/GoogleDrive/SCHOOL/Princeton/PPPL/eigen/build/CMakeFiles/CMakeTmp/src.cxx
c++: error: unrecognized command line option '-strict-ansi'; did you mean '-fstrict-enums'?
CMakeFiles/cmTC_4055c.dir/build.make:65: recipe for target 'CMakeFiles/cmTC_4055c.dir/src.cxx.o' failed
make[1]: *** [CMakeFiles/cmTC_4055c.dir/src.cxx.o] Error 1
make[1]: Leaving directory '/home/roryconlin/GoogleDrive/SCHOOL/Princeton/PPPL/eigen/build/CMakeFiles/CMakeTmp'
Makefile:126: recipe for target 'cmTC_4055c/fast' failed
make: *** [cmTC_4055c/fast] Error 2

Source file was:
int main() { return 0; }
Performing C++ SOURCE FILE Test COMPILER_SUPPORT_Qunusedarguments failed with the following output:
Change Dir: /home/roryconlin/GoogleDrive/SCHOOL/Princeton/PPPL/eigen/build/CMakeFiles/CMakeTmp

Run Build Command:"/usr/bin/make" "cmTC_22fa8/fast"
/usr/bin/make -f CMakeFiles/cmTC_22fa8.dir/build.make CMakeFiles/cmTC_22fa8.dir/build
make[1]: Entering directory '/home/roryconlin/GoogleDrive/SCHOOL/Princeton/PPPL/eigen/build/CMakeFiles/CMakeTmp'
Building CXX object CMakeFiles/cmTC_22fa8.dir/src.cxx.o
/usr/bin/c++    -std=c++03 -pedantic -Wall -Wextra -Wundef -Wcast-align -Wchar-subscripts -Wnon-virtual-dtor -Wunused-local-typedefs -Wpointer-arith -Wwrite-strings -Wformat-security -Wlogical-op -Wdouble-promotion -Wshadow -Wno-psabi -Wno-variadic-macros -Wno-long-long -fno-check-new -fno-common -fstrict-aliasing -DCOMPILER_SUPPORT_Qunusedarguments -Werror   -Qunused-arguments -o CMakeFiles/cmTC_22fa8.dir/src.cxx.o -c /home/roryconlin/GoogleDrive/SCHOOL/Princeton/PPPL/eigen/build/CMakeFiles/CMakeTmp/src.cxx
c++: error: unrecognized command line option '-Qunused-arguments'; did you mean '-Wunused-parameter'?
CMakeFiles/cmTC_22fa8.dir/build.make:65: recipe for target 'CMakeFiles/cmTC_22fa8.dir/src.cxx.o' failed
make[1]: *** [CMakeFiles/cmTC_22fa8.dir/src.cxx.o] Error 1
make[1]: Leaving directory '/home/roryconlin/GoogleDrive/SCHOOL/Princeton/PPPL/eigen/build/CMakeFiles/CMakeTmp'
Makefile:126: recipe for target 'cmTC_22fa8/fast' failed
make: *** [cmTC_22fa8/fast] Error 2

Source file was:
int main() { return 0; }
Determining if the pthread_create exist failed with the following output:
Change Dir: /home/roryconlin/GoogleDrive/SCHOOL/Princeton/PPPL/eigen/build/CMakeFiles/CMakeTmp

Run Build Command:"/usr/bin/make" "cmTC_3ae40/fast"
/usr/bin/make -f CMakeFiles/cmTC_3ae40.dir/build.make CMakeFiles/cmTC_3ae40.dir/build
make[1]: Entering directory '/home/roryconlin/GoogleDrive/SCHOOL/Princeton/PPPL/eigen/build/CMakeFiles/CMakeTmp'
Building C object CMakeFiles/cmTC_3ae40.dir/CheckSymbolExists.c.o
/usr/bin/cc    -o CMakeFiles/cmTC_3ae40.dir/CheckSymbolExists.c.o   -c /home/roryconlin/GoogleDrive/SCHOOL/Princeton/PPPL/eigen/build/CMakeFiles/CMakeTmp/CheckSymbolExists.c
Linking C executable cmTC_3ae40
/usr/bin/cmake -E cmake_link_script CMakeFiles/cmTC_3ae40.dir/link.txt --verbose=1
/usr/bin/cc      -rdynamic CMakeFiles/cmTC_3ae40.dir/CheckSymbolExists.c.o  -o cmTC_3ae40 
CMakeFiles/cmTC_3ae40.dir/CheckSymbolExists.c.o: In function `main':
CheckSymbolExists.c:(.text+0x1b): undefined reference to `pthread_create'
collect2: error: ld returned 1 exit status
CMakeFiles/cmTC_3ae40.dir/build.make:97: recipe for target 'cmTC_3ae40' failed
make[1]: *** [cmTC_3ae40] Error 1
make[1]: Leaving directory '/home/roryconlin/GoogleDrive/SCHOOL/Princeton/PPPL/eigen/build/CMakeFiles/CMakeTmp'
Makefile:126: recipe for target 'cmTC_3ae40/fast' failed
make: *** [cmTC_3ae40/fast] Error 2

File /home/roryconlin/GoogleDrive/SCHOOL/Princeton/PPPL/eigen/build/CMakeFiles/CMakeTmp/CheckSymbolExists.c:
/* */
#include <pthread.h>

int main(int argc, char** argv)
{
  (void)argv;
#ifndef pthread_create
  return ((int*)(&pthread_create))[argc];
#else
  (void)argc;
  return 0;
#endif
}

Determining if the function pthread_create exists in the pthreads failed with the following output:
Change Dir: /home/roryconlin/GoogleDrive/SCHOOL/Princeton/PPPL/eigen/build/CMakeFiles/CMakeTmp

Run Build Command:"/usr/bin/make" "cmTC_ab6ce/fast"
/usr/bin/make -f CMakeFiles/cmTC_ab6ce.dir/build.make CMakeFiles/cmTC_ab6ce.dir/build
make[1]: Entering directory '/home/roryconlin/GoogleDrive/SCHOOL/Princeton/PPPL/eigen/build/CMakeFiles/CMakeTmp'
Building C object CMakeFiles/cmTC_ab6ce.dir/CheckFunctionExists.c.o
/usr/bin/cc   -DCHECK_FUNCTION_EXISTS=pthread_create   -o CMakeFiles/cmTC_ab6ce.dir/CheckFunctionExists.c.o   -c /usr/share/cmake-3.10/Modules/CheckFunctionExists.c
Linking C executable cmTC_ab6ce
/usr/bin/cmake -E cmake_link_script CMakeFiles/cmTC_ab6ce.dir/link.txt --verbose=1
/usr/bin/cc  -DCHECK_FUNCTION_EXISTS=pthread_create    -rdynamic CMakeFiles/cmTC_ab6ce.dir/CheckFunctionExists.c.o  -o cmTC_ab6ce -lpthreads 
/usr/bin/ld: cannot find -lpthreads
collect2: error: ld returned 1 exit status
CMakeFiles/cmTC_ab6ce.dir/build.make:97: recipe for target 'cmTC_ab6ce' failed
make[1]: *** [cmTC_ab6ce] Error 1
make[1]: Leaving directory '/home/roryconlin/GoogleDrive/SCHOOL/Princeton/PPPL/eigen/build/CMakeFiles/CMakeTmp'
Makefile:126: recipe for target 'cmTC_ab6ce/fast' failed
make: *** [cmTC_ab6ce/fast] Error 2


